
~~~~~~~~~~~~~~~~~~~~~~~~~~~~~~~~~~~~~~~~~~~~~~~~~~~~~~~~~~~~~
Operation : ClosenessCentrality 
(Batch Size: 10)
~~~~~~~~~~~~~~~~~~~~~~~~~~~~~~~~~~~~~~~~~~~~~~~~~~~~~~~~~~~~~

------------------------------------------------------
>>> Execution time
------------------------------------------------------
** Total Time : 0.00695 s

~~~~~~~~~~~~~~~~~~~~~~~~~~~~~~~~~~~~~~~~~~~~~~~~~~~~~~~~~~~~~
Operation : ClosenessCentrality 
(Batch Size: 100)
~~~~~~~~~~~~~~~~~~~~~~~~~~~~~~~~~~~~~~~~~~~~~~~~~~~~~~~~~~~~~

------------------------------------------------------
>>> Execution time
------------------------------------------------------
** Total Time : 0.0726 s

~~~~~~~~~~~~~~~~~~~~~~~~~~~~~~~~~~~~~~~~~~~~~~~~~~~~~~~~~~~~~
Operation : ClosenessCentrality 
(Batch Size: 1000)
~~~~~~~~~~~~~~~~~~~~~~~~~~~~~~~~~~~~~~~~~~~~~~~~~~~~~~~~~~~~~

------------------------------------------------------
>>> Execution time
------------------------------------------------------
** Total Time : 0.835 s

~~~~~~~~~~~~~~~~~~~~~~~~~~~~~~~~~~~~~~~~~~~~~~~~~~~~~~~~~~~~~
Operation : ClosenessCentrality 
(Batch Size: 10000)
~~~~~~~~~~~~~~~~~~~~~~~~~~~~~~~~~~~~~~~~~~~~~~~~~~~~~~~~~~~~~

------------------------------------------------------
>>> Execution time
------------------------------------------------------
** Total Time : 09.1438 s

~~~~~~~~~~~~~~~~~~~~~~~~~~~~~~~~~~~~~~~~~~~~~~~~~~~~~~~~~~~~~
Operation : ClosenessCentrality 
(Batch Size: 100000)
~~~~~~~~~~~~~~~~~~~~~~~~~~~~~~~~~~~~~~~~~~~~~~~~~~~~~~~~~~~~~

------------------------------------------------------
>>> Execution time
------------------------------------------------------
** Total Time : 92.179 s
~~~~~~~~~~~~~~~~~~~~~~~~~~~~~~~~~~~~~~~~~~~~~~~~~~~~~~~~~~~~~
Operation : ClosenessCentrality 
(Batch Size: 1000000)
~~~~~~~~~~~~~~~~~~~~~~~~~~~~~~~~~~~~~~~~~~~~~~~~~~~~~~~~~~~~~

------------------------------------------------------
>>> Execution time
------------------------------------------------------
** Total Time : 1023.785 s