
~~~~~~~~~~~~~~~~~~~~~~~~~~~~~~~~~~~~~~~~~~~~~~~~~~~~~~~~~~~~~
Operation : ContactTracing 
(Batch Size: 10)
~~~~~~~~~~~~~~~~~~~~~~~~~~~~~~~~~~~~~~~~~~~~~~~~~~~~~~~~~~~~~

------------------------------------------------------
>>> Execution time
------------------------------------------------------
** Total Time : 0.00726 s

~~~~~~~~~~~~~~~~~~~~~~~~~~~~~~~~~~~~~~~~~~~~~~~~~~~~~~~~~~~~~
Operation : ContactTracing 
(Batch Size: 100)
~~~~~~~~~~~~~~~~~~~~~~~~~~~~~~~~~~~~~~~~~~~~~~~~~~~~~~~~~~~~~

------------------------------------------------------
>>> Execution time
------------------------------------------------------
** Total Time : 0.08541 s

~~~~~~~~~~~~~~~~~~~~~~~~~~~~~~~~~~~~~~~~~~~~~~~~~~~~~~~~~~~~~
Operation : ContactTracing 
(Batch Size: 1000)
~~~~~~~~~~~~~~~~~~~~~~~~~~~~~~~~~~~~~~~~~~~~~~~~~~~~~~~~~~~~~

------------------------------------------------------
>>> Execution time
------------------------------------------------------
** Total Time : 1.235 s

~~~~~~~~~~~~~~~~~~~~~~~~~~~~~~~~~~~~~~~~~~~~~~~~~~~~~~~~~~~~~
Operation : ContactTracing 
(Batch Size: 10000)
~~~~~~~~~~~~~~~~~~~~~~~~~~~~~~~~~~~~~~~~~~~~~~~~~~~~~~~~~~~~~

------------------------------------------------------
>>> Execution time
------------------------------------------------------
** Total Time : 12.3578 s

~~~~~~~~~~~~~~~~~~~~~~~~~~~~~~~~~~~~~~~~~~~~~~~~~~~~~~~~~~~~~
Operation : ContactTracing 
(Batch Size: 100000)
~~~~~~~~~~~~~~~~~~~~~~~~~~~~~~~~~~~~~~~~~~~~~~~~~~~~~~~~~~~~~

------------------------------------------------------
>>> Execution time
------------------------------------------------------
** Total Time : 147.1371 s
~~~~~~~~~~~~~~~~~~~~~~~~~~~~~~~~~~~~~~~~~~~~~~~~~~~~~~~~~~~~~
Operation : ContactTracing 
(Batch Size: 1000000)
~~~~~~~~~~~~~~~~~~~~~~~~~~~~~~~~~~~~~~~~~~~~~~~~~~~~~~~~~~~~~

------------------------------------------------------
>>> Execution time
------------------------------------------------------
** Total Time : 1802.4537 s