
~~~~~~~~~~~~~~~~~~~~~~~~~~~~~~~~~~~~~~~~~~~~~~~~~~~~~~~~~~~~~
Operation : PageRank 
(Batch Size: 10)
~~~~~~~~~~~~~~~~~~~~~~~~~~~~~~~~~~~~~~~~~~~~~~~~~~~~~~~~~~~~~

------------------------------------------------------
>>> Max error
------------------------------------------------------
** ME : 1.269*10^-5

~~~~~~~~~~~~~~~~~~~~~~~~~~~~~~~~~~~~~~~~~~~~~~~~~~~~~~~~~~~~~
Operation : PageRank 
(Batch Size: 100)
~~~~~~~~~~~~~~~~~~~~~~~~~~~~~~~~~~~~~~~~~~~~~~~~~~~~~~~~~~~~~

------------------------------------------------------
>>> Max error
------------------------------------------------------
** ME : 1.354*10^-5


~~~~~~~~~~~~~~~~~~~~~~~~~~~~~~~~~~~~~~~~~~~~~~~~~~~~~~~~~~~~~
Operation : PageRank 
(Batch Size: 1000)
~~~~~~~~~~~~~~~~~~~~~~~~~~~~~~~~~~~~~~~~~~~~~~~~~~~~~~~~~~~~~

------------------------------------------------------
>>> Max error
------------------------------------------------------
** ME : 1.273*10^-5

~~~~~~~~~~~~~~~~~~~~~~~~~~~~~~~~~~~~~~~~~~~~~~~~~~~~~~~~~~~~~
Operation : PageRank 
(Batch Size: 10000)
~~~~~~~~~~~~~~~~~~~~~~~~~~~~~~~~~~~~~~~~~~~~~~~~~~~~~~~~~~~~~

------------------------------------------------------
>>> Max error
------------------------------------------------------
** ME : 1.391*10^-5

~~~~~~~~~~~~~~~~~~~~~~~~~~~~~~~~~~~~~~~~~~~~~~~~~~~~~~~~~~~~~
Operation : PageRank 
(Batch Size: 100000)
~~~~~~~~~~~~~~~~~~~~~~~~~~~~~~~~~~~~~~~~~~~~~~~~~~~~~~~~~~~~~

------------------------------------------------------
>>> Max error
------------------------------------------------------
** ME : 1.281*10^-5

~~~~~~~~~~~~~~~~~~~~~~~~~~~~~~~~~~~~~~~~~~~~~~~~~~~~~~~~~~~~~
Operation : PageRank 
(Batch Size: 1000000)
~~~~~~~~~~~~~~~~~~~~~~~~~~~~~~~~~~~~~~~~~~~~~~~~~~~~~~~~~~~~~

------------------------------------------------------
>>> Max error
------------------------------------------------------
** ME : 1.412*10^-5