
~~~~~~~~~~~~~~~~~~~~~~~~~~~~~~~~~~~~~~~~~~~~~~~~~~~~~~~~~~~~~
Operation : PageRank 
(Batch Size: 10)
~~~~~~~~~~~~~~~~~~~~~~~~~~~~~~~~~~~~~~~~~~~~~~~~~~~~~~~~~~~~~

------------------------------------------------------
>>> Execution time
------------------------------------------------------
** Total Time : 0.00937 s

~~~~~~~~~~~~~~~~~~~~~~~~~~~~~~~~~~~~~~~~~~~~~~~~~~~~~~~~~~~~~
Operation : PageRank 
(Batch Size: 100)
~~~~~~~~~~~~~~~~~~~~~~~~~~~~~~~~~~~~~~~~~~~~~~~~~~~~~~~~~~~~~

------------------------------------------------------
>>> Execution time
------------------------------------------------------
** Total Time : 0.1023 s

~~~~~~~~~~~~~~~~~~~~~~~~~~~~~~~~~~~~~~~~~~~~~~~~~~~~~~~~~~~~~
Operation : PageRank 
(Batch Size: 1000)
~~~~~~~~~~~~~~~~~~~~~~~~~~~~~~~~~~~~~~~~~~~~~~~~~~~~~~~~~~~~~

------------------------------------------------------
>>> Execution time
------------------------------------------------------
** Total Time : 1.579 s

~~~~~~~~~~~~~~~~~~~~~~~~~~~~~~~~~~~~~~~~~~~~~~~~~~~~~~~~~~~~~
Operation : PageRank 
(Batch Size: 10000)
~~~~~~~~~~~~~~~~~~~~~~~~~~~~~~~~~~~~~~~~~~~~~~~~~~~~~~~~~~~~~

------------------------------------------------------
>>> Execution time
------------------------------------------------------
** Total Time : 18.2971 s

~~~~~~~~~~~~~~~~~~~~~~~~~~~~~~~~~~~~~~~~~~~~~~~~~~~~~~~~~~~~~
Operation : PageRank 
(Batch Size: 100000)
~~~~~~~~~~~~~~~~~~~~~~~~~~~~~~~~~~~~~~~~~~~~~~~~~~~~~~~~~~~~~

------------------------------------------------------
>>> Execution time
------------------------------------------------------
** Total Time : 204.923 s
~~~~~~~~~~~~~~~~~~~~~~~~~~~~~~~~~~~~~~~~~~~~~~~~~~~~~~~~~~~~~
Operation : PageRank 
(Batch Size: 1000000)
~~~~~~~~~~~~~~~~~~~~~~~~~~~~~~~~~~~~~~~~~~~~~~~~~~~~~~~~~~~~~

------------------------------------------------------
>>> Execution time
------------------------------------------------------
** Total Time : 2100.1974 s